\BOOKMARK [1][-]{section.1}{\376\377\000B\036\321\000i\000\040\000c\036\243\000n\000h\000\040\000l\000\375\000\040\000t\000h\000u\000y\036\277\000t\000:\000\040\000t\036\241\000i\000\040\000s\000a\000o\000\040\000c\036\247\000n\000\040\000A\000D\000P\000?}{}% 1
\BOOKMARK [2][-]{subsection.1.1}{\376\377\000B\000\340\000i\000\040\000t\000o\000\341\000n\000\040\001\021\000i\036\301\000u\000\040\000k\000h\000i\036\303\000n\000\040\000t\036\321\000i\000\040\001\260\000u\000\040\000p\000h\000i\000\040\000t\000u\000y\036\277\000n}{section.1}% 2
\BOOKMARK [2][-]{subsection.1.2}{\376\377\000\335\000\040\000t\001\260\036\337\000n\000g\000\040\000A\000D\000P\000:\000\040\000x\036\245\000p\000\040\000x\036\311\000\040\000h\000\340\000m\000\040\000g\000i\000\341\000\040\000t\000r\036\313}{section.1}% 3
\BOOKMARK [1][-]{section.2}{\376\377\000M\000\364\000\040\000h\000\354\000n\000h\000\040\000W\000M\000R\000\040\000v\000\340\000\040\001\021\036\331\000n\000g\000\040\000h\036\315\000c\000\040\000s\000a\000i\000\040\000s\036\321}{}% 4
\BOOKMARK [2][-]{subsection.2.1}{\376\377\000M\000\364\000\040\000h\000\354\000n\000h\000\040\000k\000i\000n\000e\000m\000a\000t\000i\000c\000\040\000r\000o\000b\000o\000t\000\040\000v\000i\000\040\000s\000a\000i}{section.2}% 5
\BOOKMARK [2][-]{subsection.2.2}{\376\377\000S\000a\000i\000\040\000s\036\321\000\040\000b\000\341\000m\000\040\000t\000r\000o\000n\000g\000\040\000b\000o\000d\000y\000\040\000f\000r\000a\000m\000e}{section.2}% 6
\BOOKMARK [2][-]{subsection.2.3}{\376\377\000C\000h\036\351\000n\000g\000\040\000m\000i\000n\000h\000\040\001\021\036\331\000n\000g\000\040\000h\036\315\000c\000\040\000s\000a\000i\000\040\000s\036\321}{section.2}% 7
\BOOKMARK [1][-]{section.3}{\376\377\000A\000c\000t\000o\000r\000-\000C\000r\000i\000t\000i\000c\000\040\000A\000D\000P\000\040\040\024\000\040\000L\000\375\000\040\000t\000h\000u\000y\036\277\000t\000\040\000c\000h\000i\000\040\000t\000i\036\277\000t}{}% 8
\BOOKMARK [2][-]{subsection.3.1}{\376\377\000T\000h\000i\036\277\000t\000\040\000l\036\255\000p\000\040\000b\000\340\000i\000\040\000t\000o\000\341\000n\000\040\000t\036\321\000i\000\040\001\260\000u}{section.3}% 9
\BOOKMARK [2][-]{subsection.3.2}{\376\377\000C\000h\036\315\000n\000\040\000h\000\340\000m\000\040\000c\001\241\000\040\000s\036\337}{section.3}% 10
\BOOKMARK [2][-]{subsection.3.3}{\376\377\000C\036\245\000u\000\040\000t\000r\000\372\000c\000\040\000A\000c\000t\000o\000r\000-\000C\000r\000i\000t\000i\000c}{section.3}% 11
\BOOKMARK [2][-]{subsection.3.4}{\376\377\000S\000a\000i\000\040\000s\036\321\000\040\000B\000e\000l\000l\000m\000a\000n\000\040\000v\000\340\000\040\000l\000u\036\255\000t\000\040\000c\036\255\000p\000\040\000n\000h\036\255\000t}{section.3}% 12
\BOOKMARK [2][-]{subsection.3.5}{\376\377\000P\000E\000\040\040\024\000\040\000P\000e\000r\000s\000i\000s\000t\000e\000n\000c\000e\000\040\000o\000f\000\040\000E\000x\000c\000i\000t\000a\000t\000i\000o\000n}{section.3}% 13
\BOOKMARK [2][-]{subsection.3.6}{\376\377\000V\036\245\000n\000\040\001\021\036\301\000\040\001\021\000i\036\301\000u\000\040\000k\000i\036\307\000n\000\040\000b\000a\000n\000\040\001\021\036\247\000u\000\040\000\050\000w\000a\000r\000m\000\040\000s\000t\000a\000r\000t\000\051}{section.3}% 14
\BOOKMARK [1][-]{section.4}{\376\377\000B\000a\000c\000k\000s\000t\000e\000p\000p\000i\000n\000g\000\040\000C\000o\000n\000t\000r\000o\000l\000l\000e\000r\000\040\040\024\000\040\000B\036\331\000\040\000s\000o\000\040\000s\000\341\000n\000h}{}% 15
\BOOKMARK [1][-]{section.5}{\376\377\000K\036\277\000t\000\040\000q\000u\036\243\000\040\000m\000\364\000\040\000p\000h\036\317\000n\000g}{}% 16
\BOOKMARK [2][-]{subsection.5.1}{\376\377\000T\000h\000i\036\277\000t\000\040\000l\036\255\000p}{section.5}% 17
\BOOKMARK [2][-]{subsection.5.2}{\376\377\000B\036\243\000n\000g\000\040\000k\036\277\000t\000\040\000q\000u\036\243}{section.5}% 18
\BOOKMARK [2][-]{subsection.5.3}{\376\377\000P\000h\000\342\000n\000\040\000t\000\355\000c\000h\000\040\000k\036\277\000t\000\040\000q\000u\036\243\000\040\000t\000r\000\352\000n\000\040\001\021\001\260\036\335\000n\000g\000\040\000t\000r\000\362\000n}{section.5}% 19
\BOOKMARK [2][-]{subsection.5.4}{\376\377\000P\000h\000\342\000n\000\040\000t\000\355\000c\000h\000\040\000k\036\277\000t\000\040\000q\000u\036\243\000\040\000t\000r\000\352\000n\000\040\001\021\001\260\036\335\000n\000g\000\040\000t\000h\036\263\000n\000g}{section.5}% 20
\BOOKMARK [2][-]{subsection.5.5}{\376\377\000H\036\331\000i\000\040\000t\036\345\000\040\000t\000r\036\315\000n\000g\000\040\000s\036\321}{section.5}% 21
\BOOKMARK [1][-]{section.6}{\376\377\000T\036\325\000n\000g\000\040\000h\036\343\000p\000:\000\040\000h\036\241\000n\000\040\000c\000h\036\277\000\040\000A\000C\000-\000A\000D\000P\000\040\000v\000\340\000\040\000h\001\260\036\333\000n\000g\000\040\001\021\000i\000\040\000S\000M\0002}{}% 22
